2023-05-15 14:03:36,459 [INFO] Activator:176 - 


2023-05-15 14:03:36,504 [INFO] Activator:177 - !SESSION log4j initialized
2023-05-15 14:05:09,929 [INFO] LogOutputStream:77 - [STDOUT_REDIRECT] 
2023-05-15 14:06:10,874 [ERROR] LogOutputStream:75 - [STDERR_REDIRECT] SLF4J: Failed to load class "org.slf4j.impl.StaticLoggerBinder".
2023-05-15 14:06:10,879 [ERROR] LogOutputStream:75 - [STDERR_REDIRECT] SLF4J: Defaulting to no-operation (NOP) logger implementation
2023-05-15 14:06:10,889 [ERROR] LogOutputStream:75 - [STDERR_REDIRECT] SLF4J: See http://www.slf4j.org/codes.html#StaticLoggerBinder for further details.
2023-05-15 14:42:32,269 [INFO] Activator:176 - 


2023-05-15 14:42:32,286 [INFO] Activator:177 - !SESSION log4j initialized
2023-05-15 14:42:55,332 [INFO] LogOutputStream:77 - [STDOUT_REDIRECT] 
2023-05-15 14:43:30,335 [ERROR] LogOutputStream:75 - [STDERR_REDIRECT] SLF4J: Failed to load class "org.slf4j.impl.StaticLoggerBinder".
2023-05-15 14:43:30,335 [ERROR] LogOutputStream:75 - [STDERR_REDIRECT] SLF4J: Defaulting to no-operation (NOP) logger implementation
2023-05-15 14:43:30,344 [ERROR] LogOutputStream:75 - [STDERR_REDIRECT] SLF4J: See http://www.slf4j.org/codes.html#StaticLoggerBinder for further details.
2023-05-15 14:47:35,078 [INFO] ApplicationProperties:184 - Using Application install path: C:\ST\STM32CubeIDE_1.12.0\STM32CubeIDE\plugins\com.st.stm32cube.common.mx_6.8.0.202302231600
2023-05-15 14:47:35,242 [INFO] DbMcusXml:78 - Set database path to: C:\ST\STM32CubeIDE_1.12.0\STM32CubeIDE\plugins\com.st.stm32cube.common.mx_6.8.0.202302231600\\db\/mcu/
2023-05-15 14:47:35,242 [INFO] ApiDb:274 - Set plugin database path to: C:\ST\STM32CubeIDE_1.12.0\STM32CubeIDE\plugins\com.st.stm32cube.common.mx_6.8.0.202302231600\\db\/plugins/boardmanager/
2023-05-15 14:47:35,246 [WARN] ApiDb:259 - Overriding images path with different value:  => C:\ST\STM32CubeIDE_1.12.0\STM32CubeIDE\plugins\com.st.stm32cube.common.mx_6.8.0.202302231600\\db\/plugins/mcufinder/images/
2023-05-15 14:47:35,271 [INFO] ApiDb:250 - Set database path to: C:\Users\PENG Laurine\.stmcufinder\plugins\mcufinder//mcu/
2023-05-15 14:47:35,278 [INFO] DbMcusAds:125 - Set database path to: C:\Users\PENG Laurine\.stmcufinder\plugins\mcufinder//mcu/
2023-05-15 14:47:35,440 [INFO] CrossReferenceDbSqlite:203 - Set database path to: C:\Users\PENG Laurine\.stmcufinder\plugins\mcufinder//mcu/cs/
2023-05-15 14:47:35,900 [INFO] RulesReader:64 - Compatibility file has been processed (293 Rules)
2023-05-15 14:47:36,423 [INFO] DbMcusXml:78 - Set database path to: C:\ST\STM32CubeIDE_1.12.0\STM32CubeIDE\plugins\com.st.stm32cube.common.mx_6.8.0.202302231600\\db\/mcu/
2023-05-15 14:47:36,423 [INFO] ApiDb:274 - Set plugin database path to: C:\ST\STM32CubeIDE_1.12.0\STM32CubeIDE\plugins\com.st.stm32cube.common.mx_6.8.0.202302231600\\db\/plugins/boardmanager/
2023-05-15 14:47:36,423 [INFO] ApiDb:261 - Set plugin images path to: C:\ST\STM32CubeIDE_1.12.0\STM32CubeIDE\plugins\com.st.stm32cube.common.mx_6.8.0.202302231600\\db\/plugins/mcufinder/images/
2023-05-15 14:47:36,423 [WARN] DbFile:41 - Overriding database path with different value: C:\Users\PENG Laurine\.stmcufinder\plugins\mcufinder/ => C:\Users\PENG Laurine\.stmcufinder\plugins\mcufinder
2023-05-15 14:47:36,423 [INFO] ApiDb:250 - Set database path to: C:\Users\PENG Laurine\.stmcufinder\plugins\mcufinder//mcu/
2023-05-15 14:47:36,423 [WARN] DbFile:41 - Overriding database path with different value: C:\Users\PENG Laurine\.stmcufinder\plugins\mcufinder/ => C:\Users\PENG Laurine\.stmcufinder\plugins\mcufinder
2023-05-15 14:47:36,423 [INFO] DbMcusAds:125 - Set database path to: C:\Users\PENG Laurine\.stmcufinder\plugins\mcufinder//mcu/
2023-05-15 14:47:36,423 [WARN] DbFile:41 - Overriding database path with different value: C:\Users\PENG Laurine\.stmcufinder\plugins\mcufinder/ => C:\Users\PENG Laurine\.stmcufinder\plugins\mcufinder
2023-05-15 14:47:36,423 [WARN] DbFile:41 - Overriding database path with different value: C:\Users\PENG Laurine\.stmcufinder\plugins\mcufinder/ => C:\Users\PENG Laurine\.stmcufinder\plugins\mcufinder
2023-05-15 14:47:36,423 [INFO] CrossReferenceDbSqlite:203 - Set database path to: C:\Users\PENG Laurine\.stmcufinder\plugins\mcufinder//mcu/cs/
2023-05-15 14:47:37,072 [INFO] MainPanel:253 - HeapMemory: 505413632
2023-05-15 14:47:37,753 [INFO] DbMcusXml:78 - Set database path to: C:\ST\STM32CubeIDE_1.12.0\STM32CubeIDE\plugins\com.st.stm32cube.common.mx_6.8.0.202302231600\\db\/mcu/
2023-05-15 14:47:37,753 [INFO] ApiDb:274 - Set plugin database path to: C:\ST\STM32CubeIDE_1.12.0\STM32CubeIDE\plugins\com.st.stm32cube.common.mx_6.8.0.202302231600\\db\/plugins/boardmanager/
2023-05-15 14:47:37,753 [INFO] ApiDb:261 - Set plugin images path to: C:\ST\STM32CubeIDE_1.12.0\STM32CubeIDE\plugins\com.st.stm32cube.common.mx_6.8.0.202302231600\\db\/plugins/mcufinder/images/
2023-05-15 14:47:37,753 [WARN] DbFile:41 - Overriding database path with different value: C:\Users\PENG Laurine\.stmcufinder\plugins\mcufinder/ => C:\Users\PENG Laurine\.stmcufinder\plugins\mcufinder
2023-05-15 14:47:37,753 [INFO] ApiDb:250 - Set database path to: C:\Users\PENG Laurine\.stmcufinder\plugins\mcufinder//mcu/
2023-05-15 14:47:37,753 [WARN] DbFile:41 - Overriding database path with different value: C:\Users\PENG Laurine\.stmcufinder\plugins\mcufinder/ => C:\Users\PENG Laurine\.stmcufinder\plugins\mcufinder
2023-05-15 14:47:37,753 [INFO] DbMcusAds:125 - Set database path to: C:\Users\PENG Laurine\.stmcufinder\plugins\mcufinder//mcu/
2023-05-15 14:47:37,765 [WARN] DbFile:41 - Overriding database path with different value: C:\Users\PENG Laurine\.stmcufinder\plugins\mcufinder/ => C:\Users\PENG Laurine\.stmcufinder\plugins\mcufinder
2023-05-15 14:47:37,766 [WARN] DbFile:41 - Overriding database path with different value: C:\Users\PENG Laurine\.stmcufinder\plugins\mcufinder/ => C:\Users\PENG Laurine\.stmcufinder\plugins\mcufinder
2023-05-15 14:47:37,767 [INFO] CrossReferenceDbSqlite:203 - Set database path to: C:\Users\PENG Laurine\.stmcufinder\plugins\mcufinder//mcu/cs/
2023-05-15 14:47:37,874 [INFO] ApplicationProperties:184 - Using Application install path: C:\ST\STM32CubeIDE_1.12.0\STM32CubeIDE\plugins\com.st.stm32cube.common.mx_6.8.0.202302231600
2023-05-15 14:47:37,875 [INFO] PluginManage:196 - Search for loadable plugins [exclusion list=, ]
2023-05-15 14:47:37,875 [INFO] PluginManage:310 - Check plugin analytics
2023-05-15 14:47:47,724 [INFO] AnalyticsPlugin:253 - Accepted Software Licenses: 
2023-05-15 14:47:47,726 [INFO] AnalyticsPlugin:255 - Accepted CMSIS Pack Licenses: 
2023-05-15 14:47:47,726 [INFO] AnalyticsPlugin:257 - Accepted Firmware Licenses: FW.F4.1.27.0,FW.H7.1.11.0
2023-05-15 14:47:47,774 [INFO] PluginManage:359 - Loaded plugin analytics (category:tool,tabindex:-1)
2023-05-15 14:47:47,776 [INFO] PluginManage:310 - Check plugin cadmodel
2023-05-15 14:47:47,827 [INFO] CADModel:105 - Init CAD model plugin
2023-05-15 14:47:47,827 [INFO] PluginManage:359 - Loaded plugin cadmodel (category:power,tabindex:5)
2023-05-15 14:47:47,827 [INFO] PluginManage:310 - Check plugin clock
2023-05-15 14:47:47,907 [INFO] PluginManage:359 - Loaded plugin clock (category:base,tabindex:2)
2023-05-15 14:47:47,907 [INFO] PluginManage:310 - Check plugin ddr
2023-05-15 14:47:47,989 [INFO] PluginManage:359 - Loaded plugin ddr (category:tool,tabindex:6)
2023-05-15 14:47:47,989 [INFO] PluginManage:310 - Check plugin filemanager
2023-05-15 14:47:48,752 [INFO] PluginManage:359 - Loaded plugin filemanager (category:base,tabindex:10)
2023-05-15 14:47:48,752 [INFO] PluginManage:310 - Check plugin ipmanager
2023-05-15 14:47:48,779 [INFO] PluginManage:359 - Loaded plugin ipmanager (category:base,tabindex:5)
2023-05-15 14:47:48,780 [INFO] PluginManage:310 - Check plugin lpbam
2023-05-15 14:47:48,824 [INFO] PluginManage:359 - Loaded plugin lpbam (category:base,tabindex:0)
2023-05-15 14:47:48,824 [INFO] PluginManage:310 - Check plugin pinoutandconfiguration
2023-05-15 14:47:48,847 [INFO] PluginManage:359 - Loaded plugin pinoutandconfiguration (category:base,tabindex:1)
2023-05-15 14:47:48,847 [INFO] PluginManage:310 - Check plugin pinoutconfig
2023-05-15 14:47:49,866 [WARN] SupportedApi:132 - Cannot load RTOS API schema: s4s-elt-must-match.1: The content of 'definitions' must match (annotation?, (simpleType | complexType)?, (unique | key | keyref)*)). A problem was found starting at: attribute.
2023-05-15 14:47:51,241 [INFO] PluginManage:359 - Loaded plugin pinoutconfig (category:base,tabindex:0)
2023-05-15 14:47:51,241 [INFO] PluginManage:310 - Check plugin power
2023-05-15 14:47:51,334 [INFO] PluginManage:359 - Loaded plugin power (category:power,tabindex:4)
2023-05-15 14:47:51,334 [INFO] PluginManage:310 - Check plugin projectmanager
2023-05-15 14:47:51,447 [INFO] PluginManage:359 - Loaded plugin projectmanager (category:projectmanager,tabindex:3)
2023-05-15 14:47:51,447 [INFO] PluginManage:310 - Check plugin thirdparty
2023-05-15 14:47:52,639 [INFO] PluginManage:359 - Loaded plugin thirdparty (category:base,tabindex:-1)
2023-05-15 14:47:52,636 [WARN] IntegrityCheckThread:84 - waiting for thirdparty lock release [integrity check]
2023-05-15 14:47:52,639 [INFO] PluginManage:310 - Check plugin tools
2023-05-15 14:47:52,639 [INFO] IntegrityCheckThread:86 - entering critical section [integrity check]
2023-05-15 14:47:52,652 [INFO] ThirdPartyUpdaterWithRetryManager:70 - Updater plugin not ready yet. [1/15]
2023-05-15 14:47:52,652 [INFO] PluginManage:359 - Loaded plugin tools (category:base,tabindex:7)
2023-05-15 14:47:52,652 [INFO] PluginManage:310 - Check plugin tutovideos
2023-05-15 14:47:53,479 [INFO] PluginManage:359 - Loaded plugin tutovideos (category:base,tabindex:-1)
2023-05-15 14:47:53,479 [INFO] PluginManage:310 - Check plugin updater
2023-05-15 14:47:53,530 [INFO] PluginManage:359 - Loaded plugin updater (category:base,tabindex:12)
2023-05-15 14:47:53,531 [INFO] PluginManage:283 - PluginManage : Loaded plugins [15]
2023-05-15 14:47:55,144 [INFO] PinOutPanel:1499 - setPackage(No Configuration,No Configuration)
2023-05-15 14:47:55,442 [INFO] CADModel:165 - CPN selected for project level
2023-05-15 14:47:55,442 [INFO] CADModel:114 - Register for checkConnection events
2023-05-15 14:47:55,502 [INFO] IPUIPlugin:80 - create IPUIPlugin
2023-05-15 14:47:55,502 [INFO] PluginManager:220 - loadIPPluginJar : add adc
2023-05-15 14:47:55,503 [INFO] IPUIPlugin:80 - create IPUIPlugin
2023-05-15 14:47:55,503 [INFO] PluginManager:220 - loadIPPluginJar : add aes
2023-05-15 14:47:55,515 [INFO] IPUIPlugin:80 - create IPUIPlugin
2023-05-15 14:47:55,515 [INFO] PluginManager:220 - loadIPPluginJar : add can
2023-05-15 14:47:55,525 [INFO] IPUIPlugin:80 - create IPUIPlugin
2023-05-15 14:47:55,525 [INFO] PluginManager:220 - loadIPPluginJar : add comp
2023-05-15 14:47:55,536 [INFO] IPUIPlugin:80 - create IPUIPlugin
2023-05-15 14:47:55,536 [INFO] PluginManager:220 - loadIPPluginJar : add cryp
2023-05-15 14:47:55,546 [INFO] IPUIPlugin:80 - create IPUIPlugin
2023-05-15 14:47:55,546 [INFO] PluginManager:220 - loadIPPluginJar : add dfsdm
2023-05-15 14:47:55,564 [INFO] IPUIPlugin:80 - create IPUIPlugin
2023-05-15 14:47:55,564 [INFO] PluginManager:220 - loadIPPluginJar : add dma
2023-05-15 14:47:55,564 [INFO] IPUIPlugin:80 - create IPUIPlugin
2023-05-15 14:47:55,574 [INFO] PluginManager:220 - loadIPPluginJar : add dma3
2023-05-15 14:47:55,575 [INFO] IPUIPlugin:80 - create IPUIPlugin
2023-05-15 14:47:55,575 [INFO] PluginManager:220 - loadIPPluginJar : add fatfs
2023-05-15 14:47:55,587 [INFO] IPUIPlugin:80 - create IPUIPlugin
2023-05-15 14:47:55,587 [INFO] PluginManager:220 - loadIPPluginJar : add fmc
2023-05-15 14:47:55,599 [INFO] IPUIPlugin:80 - create IPUIPlugin
2023-05-15 14:47:55,599 [INFO] PluginManager:220 - loadIPPluginJar : add freertos
2023-05-15 14:47:55,610 [INFO] IPUIPlugin:80 - create IPUIPlugin
2023-05-15 14:47:55,610 [INFO] PluginManager:220 - loadIPPluginJar : add genericplugin
2023-05-15 14:47:55,620 [INFO] IPUIPlugin:80 - create IPUIPlugin
2023-05-15 14:47:55,621 [INFO] PluginManager:220 - loadIPPluginJar : add gfxmmu
2023-05-15 14:47:55,635 [INFO] IPUIPlugin:80 - create IPUIPlugin
2023-05-15 14:47:55,636 [INFO] PluginManager:220 - loadIPPluginJar : add gic
2023-05-15 14:47:55,647 [INFO] IPUIPlugin:80 - create IPUIPlugin
2023-05-15 14:47:55,647 [INFO] PluginManager:220 - loadIPPluginJar : add gpio
2023-05-15 14:47:55,652 [INFO] IPUIPlugin:80 - create IPUIPlugin
2023-05-15 14:47:55,652 [INFO] PluginManager:220 - loadIPPluginJar : add gtzc
2023-05-15 14:47:55,652 [INFO] IPUIPlugin:80 - create IPUIPlugin
2023-05-15 14:47:55,663 [INFO] PluginManager:220 - loadIPPluginJar : add hash
2023-05-15 14:47:55,663 [INFO] ThirdPartyUpdaterWithRetryManager:70 - Updater plugin not ready yet. [2/15]
2023-05-15 14:47:55,665 [INFO] IPUIPlugin:80 - create IPUIPlugin
2023-05-15 14:47:55,665 [INFO] PluginManager:220 - loadIPPluginJar : add i2c
2023-05-15 14:47:55,676 [INFO] IPUIPlugin:80 - create IPUIPlugin
2023-05-15 14:47:55,676 [INFO] PluginManager:220 - loadIPPluginJar : add i2s
2023-05-15 14:47:55,688 [INFO] IPUIPlugin:80 - create IPUIPlugin
2023-05-15 14:47:55,688 [INFO] PluginManager:220 - loadIPPluginJar : add i3c
2023-05-15 14:47:55,726 [INFO] IPUIPlugin:80 - create IPUIPlugin
2023-05-15 14:47:55,726 [INFO] PluginManager:220 - loadIPPluginJar : add ipddr
2023-05-15 14:47:55,754 [INFO] IPUIPlugin:80 - create IPUIPlugin
2023-05-15 14:47:55,754 [INFO] PluginManager:220 - loadIPPluginJar : add linkedlist
2023-05-15 14:47:55,755 [INFO] IPUIPlugin:80 - create IPUIPlugin
2023-05-15 14:47:55,755 [INFO] PluginManager:220 - loadIPPluginJar : add lorawan
2023-05-15 14:47:55,767 [INFO] IPUIPlugin:80 - create IPUIPlugin
2023-05-15 14:47:55,767 [INFO] PluginManager:220 - loadIPPluginJar : add ltdc
2023-05-15 14:47:55,777 [INFO] IPUIPlugin:80 - create IPUIPlugin
2023-05-15 14:47:55,777 [INFO] PluginManager:220 - loadIPPluginJar : add mdma
2023-05-15 14:47:55,790 [INFO] IPUIPlugin:80 - create IPUIPlugin
2023-05-15 14:47:55,790 [INFO] PluginManager:220 - loadIPPluginJar : add nvic
2023-05-15 14:47:55,803 [INFO] IPUIPlugin:80 - create IPUIPlugin
2023-05-15 14:47:55,804 [INFO] PluginManager:220 - loadIPPluginJar : add opamp
2023-05-15 14:47:55,816 [INFO] IPUIPlugin:80 - create IPUIPlugin
2023-05-15 14:47:55,816 [INFO] PluginManager:220 - loadIPPluginJar : add openamp
2023-05-15 14:47:55,821 [INFO] IPUIPlugin:80 - create IPUIPlugin
2023-05-15 14:47:55,821 [INFO] PluginManager:220 - loadIPPluginJar : add pdm2pcm
2023-05-15 14:47:55,844 [INFO] IPUIPlugin:80 - create IPUIPlugin
2023-05-15 14:47:55,857 [INFO] PluginManager:220 - loadIPPluginJar : add plateformsettings
2023-05-15 14:47:55,857 [INFO] IPUIPlugin:80 - create IPUIPlugin
2023-05-15 14:47:55,857 [INFO] PluginManager:220 - loadIPPluginJar : add quadspi
2023-05-15 14:47:55,869 [INFO] IPUIPlugin:80 - create IPUIPlugin
2023-05-15 14:47:55,869 [INFO] PluginManager:220 - loadIPPluginJar : add resmgrutility
2023-05-15 14:47:55,881 [INFO] IPUIPlugin:80 - create IPUIPlugin
2023-05-15 14:47:55,881 [INFO] PluginManager:220 - loadIPPluginJar : add sai
2023-05-15 14:47:55,881 [INFO] IPUIPlugin:80 - create IPUIPlugin
2023-05-15 14:47:55,881 [INFO] PluginManager:220 - loadIPPluginJar : add spi
2023-05-15 14:47:55,905 [INFO] IPUIPlugin:80 - create IPUIPlugin
2023-05-15 14:47:55,905 [INFO] PluginManager:220 - loadIPPluginJar : add stm32_wpan
2023-05-15 14:47:55,906 [INFO] IPUIPlugin:80 - create IPUIPlugin
2023-05-15 14:47:55,906 [INFO] PluginManager:220 - loadIPPluginJar : add tim
2023-05-15 14:47:55,916 [INFO] IPUIPlugin:80 - create IPUIPlugin
2023-05-15 14:47:55,916 [INFO] PluginManager:220 - loadIPPluginJar : add touchsensing
2023-05-15 14:47:55,916 [INFO] IPUIPlugin:80 - create IPUIPlugin
2023-05-15 14:47:55,916 [INFO] PluginManager:220 - loadIPPluginJar : add tracer_emb
2023-05-15 14:47:55,926 [INFO] IPUIPlugin:80 - create IPUIPlugin
2023-05-15 14:47:55,926 [INFO] PluginManager:220 - loadIPPluginJar : add ts
2023-05-15 14:47:55,926 [INFO] IPUIPlugin:80 - create IPUIPlugin
2023-05-15 14:47:55,926 [INFO] PluginManager:220 - loadIPPluginJar : add tsc
2023-05-15 14:47:55,938 [INFO] IPUIPlugin:80 - create IPUIPlugin
2023-05-15 14:47:55,938 [INFO] PluginManager:220 - loadIPPluginJar : add ucpd
2023-05-15 14:47:55,938 [INFO] IPUIPlugin:80 - create IPUIPlugin
2023-05-15 14:47:55,938 [INFO] PluginManager:220 - loadIPPluginJar : add usart
2023-05-15 14:47:55,949 [INFO] IPUIPlugin:80 - create IPUIPlugin
2023-05-15 14:47:55,949 [INFO] PluginManager:220 - loadIPPluginJar : add usbx
2023-05-15 14:47:56,205 [INFO] CADModel:165 - CPN selected for project level
2023-05-15 14:47:56,205 [INFO] CADModel:114 - Register for checkConnection events
2023-05-15 14:47:56,205 [FATAL] Updater:308 - Updater called before beeing initialized
2023-05-15 14:47:56,205 [ERROR] CADModel:125 - Updater not yet initialized, retry later 
2023-05-15 14:47:57,066 [INFO] CADModel:165 - CPN selected for project level
2023-05-15 14:47:57,066 [INFO] CADModel:114 - Register for checkConnection events
2023-05-15 14:47:57,066 [FATAL] Updater:308 - Updater called before beeing initialized
2023-05-15 14:47:57,066 [ERROR] CADModel:125 - Updater not yet initialized, retry later 
2023-05-15 14:47:57,077 [FATAL] Updater:308 - Updater called before beeing initialized
2023-05-15 14:47:57,589 [FATAL] Updater:308 - Updater called before beeing initialized
2023-05-15 14:47:57,613 [INFO] DbMcusAds:53 - JSON generation date=Tue Mar 07 09:50:54 CET 2023 (1678179054945)
2023-05-15 14:47:57,613 [FATAL] Updater:308 - Updater called before beeing initialized
2023-05-15 14:47:57,871 [WARN] DetailPanel:346 - Failed to get advertising image, set to default
2023-05-15 14:47:58,353 [FATAL] Updater:308 - Updater called before beeing initialized
2023-05-15 14:47:58,366 [FATAL] Updater:308 - Updater called before beeing initialized
2023-05-15 14:47:58,366 [FATAL] Updater:308 - Updater called before beeing initialized
2023-05-15 14:47:58,366 [WARN] DetailPanel:346 - Failed to get advertising image, set to default
2023-05-15 14:47:58,366 [FATAL] Updater:308 - Updater called before beeing initialized
2023-05-15 14:47:58,585 [ERROR] Updater:1120 - MainUpdater not yet initialized. External WinMGr cannot be set.
2023-05-15 14:47:58,627 [INFO] Updater:1056 - Updater Version found : 6.8.0
2023-05-15 14:47:58,664 [INFO] ThirdPartyUpdaterWithRetryManager:70 - Updater plugin not ready yet. [3/15]
2023-05-15 14:47:58,666 [INFO] ApplicationProperties:184 - Using Application install path: C:\ST\STM32CubeIDE_1.12.0\STM32CubeIDE\plugins\com.st.stm32cube.common.mx_6.8.0.202302231600
2023-05-15 14:47:59,855 [INFO] MainUpdater:2854 - connection check result : 10
2023-05-15 14:47:59,856 [INFO] MainUpdater:283 - Updater Check For Update Now.
2023-05-15 14:47:59,856 [INFO] MicroXplorer:498 - Change Database Version : DB.6.0.80
2023-05-15 14:48:00,289 [INFO] CheckServerUpdateThread:120 - End of CheckServer Thread
2023-05-15 14:48:00,359 [INFO] MainUpdater:2854 - connection check result : 10
2023-05-15 14:48:00,377 [INFO] MainUpdater:2854 - connection check result : 10
2023-05-15 14:48:00,782 [INFO] MicroXplorer:468 - Change Database Path : 
2023-05-15 14:48:00,784 [INFO] MicroXplorer:498 - Change Database Version : DB.6.0.80
2023-05-15 14:48:00,790 [WARN] ThirdParty:871 - waiting for thirdparty lock release [close project]
2023-05-15 14:48:02,132 [WARN] PackLoader:240 - Cannot read IP mode file for STMicroelectronics.X-CUBE-GNSS1.6.0.0
2023-05-15 14:48:02,266 [WARN] PackLoader:240 - Cannot read IP mode file for STMicroelectronics.X-CUBE-AZRTOS-F4.1.1.0
2023-05-15 14:48:02,318 [WARN] PackLoader:240 - Cannot read IP mode file for STMicroelectronics.X-CUBE-SMBUS.2.1.0
2023-05-15 14:48:02,585 [WARN] PackLoader:240 - Cannot read IP mode file for STMicroelectronics.X-CUBE-AZRTOS-F7.1.1.0
2023-05-15 14:48:02,834 [WARN] PackLoader:240 - Cannot read IP mode file for STMicroelectronics.X-CUBE-MEMS1.9.6.0
2023-05-15 14:48:03,427 [ERROR] RealEvaluatedCondition:428 - Found unsupported composite condition: GROUP='STM32_MetaDataManager' CLASS='Data Exchange'
2023-05-15 14:48:03,427 [ERROR] RealEvaluatedCondition:428 - Found unsupported composite condition: CLASS='Data Exchange' GROUP='STM32_MetaDataManager'
2023-05-15 14:48:03,437 [WARN] PackLoader:240 - Cannot read IP mode file for STMicroelectronics.FP-SNS-MOTENV1.4.3.0
2023-05-15 14:48:03,476 [WARN] PackLoader:240 - Cannot read IP mode file for STMicroelectronics.FP-SNS-FLIGHT1.5.0.0
2023-05-15 14:48:03,509 [WARN] PackLoader:240 - Cannot read IP mode file for STMicroelectronics.X-CUBE-BLE1.6.2.4
2023-05-15 14:48:03,550 [WARN] PackLoader:240 - Cannot read IP mode file for emotas.I-CUBE-CANOPEN.1.1.3
2023-05-15 14:48:03,651 [WARN] PackLoader:240 - Cannot read IP mode file for STMicroelectronics.X-CUBE-BLEMGR.2.0.0
2023-05-15 14:48:03,853 [WARN] ConditionMgr:438 - getConditionDescription Invalid condition id : UX DEVICE CLASS RTOS Condition cause : null
2023-05-15 14:48:03,861 [WARN] ConditionMgr:438 - getConditionDescription Invalid condition id : UX DEVICE CLASS RTOS Condition cause : null
2023-05-15 14:48:03,873 [WARN] PackLoader:240 - Cannot read IP mode file for STMicroelectronics.X-CUBE-AZRTOS-H7.3.1.0
2023-05-15 14:48:03,873 [WARN] ConditionMgr:1039 - genDependencies : Invalid condition id : UX DEVICE CLASS RTOS Condition cause : null
2023-05-15 14:48:03,873 [WARN] ConditionMgr:1039 - genDependencies : Invalid condition id : UX DEVICE CLASS RTOS Condition cause : null
2023-05-15 14:48:03,879 [WARN] ConditionMgr:1039 - genDependencies : Invalid condition id : UX DEVICE CLASS RTOS Condition cause : null
2023-05-15 14:48:03,880 [WARN] ConditionMgr:1039 - genDependencies : Invalid condition id : UX DEVICE CLASS RTOS Condition cause : null
2023-05-15 14:48:03,880 [WARN] ConditionMgr:1039 - genDependencies : Invalid condition id : UX DEVICE CLASS RTOS Condition cause : null
2023-05-15 14:48:04,083 [WARN] PackLoader:240 - Cannot read IP mode file for STMicroelectronics.X-CUBE-DISPLAY.3.0.0
2023-05-15 14:48:04,125 [WARN] PackLoader:240 - Cannot read IP mode file for wolfSSL.I-CUBE-wolfSSL.5.5.4
2023-05-15 14:48:04,161 [WARN] PackLoader:240 - Cannot read IP mode file for STMicroelectronics.X-CUBE-NFC7.1.0.0
2023-05-15 14:48:04,183 [WARN] PackLoader:240 - Cannot read IP mode file for STMicroelectronics.X-CUBE-EEPRMA1.4.1.0
2023-05-15 14:48:04,200 [WARN] PackLoader:240 - Cannot read IP mode file for WES.I-CUBE-Cesium.1.3.0
2023-05-15 14:48:04,262 [WARN] PackLoader:240 - Cannot read IP mode file for STMicroelectronics.X-CUBE-SFXS2LP1.4.0.0
2023-05-15 14:48:04,350 [WARN] PackLoader:240 - Cannot read IP mode file for STMicroelectronics.X-CUBE-BLE2.3.3.0
2023-05-15 14:48:04,393 [WARN] PackLoader:240 - Cannot read IP mode file for STMicroelectronics.X-CUBE-TOF1.3.2.0
2023-05-15 14:48:04,483 [WARN] PackLoader:240 - Cannot read IP mode file for STMicroelectronics.X-CUBE-AZRTOS-H7.3.0.0
2023-05-15 14:48:04,506 [WARN] PackLoader:240 - Cannot read IP mode file for STMicroelectronics.X-CUBE-ISPU.1.1.0
2023-05-15 14:48:04,540 [WARN] PackLoader:240 - Cannot read IP mode file for RoweBots.I-CUBE-UNISONRTOS.5.5.0-4
2023-05-15 14:48:04,571 [WARN] PackLoader:240 - Cannot read IP mode file for STMicroelectronics.X-CUBE-AI.8.0.0
2023-05-15 14:48:04,601 [WARN] PackLoader:240 - Cannot read IP mode file for STMicroelectronics.X-CUBE-FREERTOS.1.0.0
2023-05-15 14:48:04,616 [WARN] PackLoader:240 - Cannot read IP mode file for STMicroelectronics.X-CUBE-FREERTOS.1.0.1
2023-05-15 14:48:04,645 [WARN] PackLoader:240 - Cannot read IP mode file for STMicroelectronics.X-CUBE-TOUCHGFX.4.21.1
2023-05-15 14:48:04,659 [WARN] PackLoader:240 - Cannot read IP mode file for STMicroelectronics.X-CUBE-TOUCHGFX.4.21.3
2023-05-15 14:48:04,693 [WARN] PackLoader:240 - Cannot read IP mode file for STMicroelectronics.X-CUBE-TOUCHGFX.4.21.4
2023-05-15 14:48:04,729 [WARN] PackLoader:240 - Cannot read IP mode file for STMicroelectronics.X-CUBE-ALGOBUILD.1.3.0
2023-05-15 14:48:04,773 [WARN] PackLoader:240 - Cannot read IP mode file for STMicroelectronics.X-CUBE-AZRTOS-L5.1.1.0
2023-05-15 14:48:04,833 [WARN] PackLoader:240 - Cannot read IP mode file for STMicroelectronics.X-CUBE-AZRTOS-G0.1.1.0
2023-05-15 14:48:04,851 [WARN] PackLoader:240 - Cannot read IP mode file for STMicroelectronics.X-CUBE-AI.8.0.1
2023-05-15 14:48:04,935 [WARN] PackLoader:240 - Cannot read IP mode file for STMicroelectronics.X-CUBE-SUBG2.5.0.0
2023-05-15 14:48:04,986 [WARN] PackLoader:240 - Cannot read IP mode file for STMicroelectronics.X-CUBE-NFC4.3.0.0
2023-05-15 14:48:05,017 [WARN] PackLoader:240 - Cannot read IP mode file for STMicroelectronics.X-CUBE-AZRTOS-G4.2.0.0
2023-05-15 14:48:05,074 [WARN] PackLoader:240 - Cannot read IP mode file for STMicroelectronics.X-CUBE-TOF1.3.3.0
2023-05-15 14:48:05,117 [WARN] PackLoader:240 - Cannot read IP mode file for STMicroelectronics.FP-ATR-ASTRA1.1.1.1
2023-05-15 14:48:05,155 [WARN] PackLoader:240 - Cannot read IP mode file for STMicroelectronics.X-CUBE-AZRTOS-G4.1.0.0
2023-05-15 14:48:05,180 [WARN] PackLoader:240 - Cannot read IP mode file for STMicroelectronics.FP-ATR-SIGFOX1.3.2.0
2023-05-15 14:48:05,228 [WARN] PackLoader:240 - Cannot read IP mode file for STMicroelectronics.X-CUBE-AZRTOS-L4.1.0.0
2023-05-15 14:48:05,314 [WARN] PackLoader:240 - Cannot read IP mode file for STMicroelectronics.X-CUBE-AZRTOS-WL.1.0.0
2023-05-15 14:48:05,350 [WARN] PackLoader:240 - Cannot read IP mode file for portGmbH.I-Cube-SoM-uGOAL.1.1.0
2023-05-15 14:48:05,368 [WARN] PackLoader:240 - Cannot read IP mode file for STMicroelectronics.X-CUBE-ALS.1.0.1
2023-05-15 14:48:05,498 [WARN] PackLoader:240 - Cannot read IP mode file for STMicroelectronics.X-CUBE-MEMS1.9.5.0
2023-05-15 14:48:05,853 [WARN] PackLoader:240 - Cannot read IP mode file for STMicroelectronics.X-CUBE-AZRTOS-WB.1.1.0
2023-05-15 14:48:05,950 [WARN] PackLoader:240 - Cannot read IP mode file for SEGGER.I-CUBE-embOS.1.3.1
2023-05-15 14:48:06,068 [WARN] PackLoader:240 - Cannot read IP mode file for STMicroelectronics.FP-ATR-ASTRA1.2.0.0
2023-05-15 14:48:06,068 [INFO] ThirdParty:978 - Integrity check success = true
2023-05-15 14:48:06,068 [INFO] IntegrityCheckThread:100 - exiting critical section [integrity check]
2023-05-15 14:48:06,068 [INFO] ThirdParty:873 - entering critical section [close project]
2023-05-15 14:48:06,078 [INFO] ThirdParty:883 - exiting critical section [close project]
2023-05-15 14:48:06,078 [INFO] IntegrityCheckThread:103 - End integrity checks thread
2023-05-15 14:48:06,090 [INFO] PinOutPanel:1499 - setPackage(No Configuration,No Configuration)
2023-05-15 14:48:06,103 [INFO] UtilMem:75 - Begin LoadConfig() Used Memory: 463729352 Bytes (505413632)
2023-05-15 14:48:06,103 [INFO] MicroXplorer:468 - Change Database Path : 
2023-05-15 14:48:06,103 [INFO] MicroXplorer:498 - Change Database Version : DB.6.0.80
2023-05-15 14:48:06,103 [INFO] OpenFileManager:308 - Change cursor
2023-05-15 14:48:06,321 [INFO] Mcu:1937 - Initializing MCU STM32L412KBTx STM32L412KBTx STM32L412KBT3
2023-05-15 14:48:10,119 [INFO] Context:659 - Trying to add GPIOservice into a context  which must be forbidden
2023-05-15 14:48:11,776 [INFO] RtosManager:555 - Registered RTOS mode: class=CMSIS, group=RTOS, mode=CMSIS_V1, owner=FREERTOS
2023-05-15 14:48:11,777 [INFO] RtosManager:555 - Registered RTOS mode: class=CMSIS, group=RTOS2, mode=CMSIS_V2, owner=FREERTOS
2023-05-15 14:48:11,778 [INFO] RtosManager:555 - Registered RTOS mode: class=RTOS, group=Core, mode=CMSIS_V1, owner=FREERTOS
2023-05-15 14:48:11,778 [INFO] RtosManager:555 - Registered RTOS mode: class=RTOS, group=Core, mode=CMSIS_V2, owner=FREERTOS
2023-05-15 14:48:11,779 [WARN] ModelIntegratedComponent:184 - Missing modes for component STMicroelectronics:FreeRTOS:0.0.1:STMicroelectronics:RTOS:FreeRTOS:Core:::10.2.0:
2023-05-15 14:48:11,808 [WARN] ModelIntegratedComponent:63 - No mode defined for component null
2023-05-15 14:48:11,808 [WARN] ModelIntegratedComponent:63 - No mode defined for component null
2023-05-15 14:48:11,809 [WARN] ModelIntegratedComponent:63 - No mode defined for component null
2023-05-15 14:48:11,809 [WARN] ModelIntegratedComponent:63 - No mode defined for component null
2023-05-15 14:48:11,809 [WARN] ModelIntegratedComponent:63 - No mode defined for component null
2023-05-15 14:48:11,809 [WARN] ModelIntegratedComponent:63 - No mode defined for component null
2023-05-15 14:48:11,809 [WARN] ModelIntegratedComponent:63 - No mode defined for component null
2023-05-15 14:48:11,809 [WARN] ModelIntegratedComponent:63 - No mode defined for component null
2023-05-15 14:48:11,810 [WARN] ModelIntegratedComponent:63 - No mode defined for component null
2023-05-15 14:48:11,810 [WARN] ModelIntegratedComponent:63 - No mode defined for component null
2023-05-15 14:48:11,810 [WARN] ModelIntegratedComponent:63 - No mode defined for component null
2023-05-15 14:48:11,810 [WARN] ModelIntegratedComponent:63 - No mode defined for component null
2023-05-15 14:48:11,810 [WARN] ModelIntegratedComponent:63 - No mode defined for component null
2023-05-15 14:48:11,810 [WARN] ModelIntegratedComponent:63 - No mode defined for component null
2023-05-15 14:48:11,810 [WARN] ModelIntegratedComponent:63 - No mode defined for component null
2023-05-15 14:48:11,810 [WARN] ModelIntegratedComponent:63 - No mode defined for component null
2023-05-15 14:48:11,810 [WARN] ModelIntegratedComponent:63 - No mode defined for component null
2023-05-15 14:48:11,811 [WARN] ModelIntegratedComponent:63 - No mode defined for component null
2023-05-15 14:48:11,811 [WARN] ModelIntegratedComponent:63 - No mode defined for component null
2023-05-15 14:48:11,811 [WARN] ModelIntegratedComponent:63 - No mode defined for component null
2023-05-15 14:48:11,811 [WARN] ModelIntegratedComponent:63 - No mode defined for component null
2023-05-15 14:48:11,811 [WARN] ModelIntegratedComponent:63 - No mode defined for component null
2023-05-15 14:48:11,811 [WARN] ModelIntegratedComponent:63 - No mode defined for component null
2023-05-15 14:48:11,811 [WARN] ModelIntegratedComponent:63 - No mode defined for component null
2023-05-15 14:48:11,811 [WARN] ModelIntegratedComponent:63 - No mode defined for component null
2023-05-15 14:48:11,812 [WARN] ModelIntegratedComponent:63 - No mode defined for component null
2023-05-15 14:48:11,812 [WARN] ModelIntegratedComponent:63 - No mode defined for component null
2023-05-15 14:48:11,812 [WARN] ModelIntegratedComponent:63 - No mode defined for component null
2023-05-15 14:48:11,812 [WARN] ModelIntegratedComponent:63 - No mode defined for component null
2023-05-15 14:48:11,812 [WARN] ModelIntegratedComponent:63 - No mode defined for component null
2023-05-15 14:48:11,812 [WARN] ModelIntegratedComponent:63 - No mode defined for component null
2023-05-15 14:48:11,812 [WARN] ModelIntegratedComponent:63 - No mode defined for component null
2023-05-15 14:48:11,812 [WARN] ModelIntegratedComponent:63 - No mode defined for component null
2023-05-15 14:48:12,059 [INFO] ThirdPartyModel:298 - Start build external matchings
2023-05-15 14:48:12,995 [INFO] ThirdPartyModel:316 - End build external matchings
2023-05-15 14:48:13,513 [INFO] UtilMem:75 - End LoadConfig() Used Memory: 491895920 Bytes (574619648)
2023-05-15 14:48:13,822 [INFO] ApiDb:581 - Connected to CubeFinder SQLite database (C:\Users\PENG Laurine\.stmcufinder\plugins\mcufinder\mcu\cube-finder-db.db)
2023-05-15 14:48:14,194 [INFO] ApiDb:668 - CubeFinder database Data Model version=2.1
2023-05-15 14:48:14,194 [INFO] ApiDb:669 - CubeFinder database Configuration version=3.0.35
2023-05-15 14:48:14,194 [INFO] ApiDb:670 - CubeFinder database generation date=2023-04-03 (1680511692)
2023-05-15 14:48:14,195 [INFO] ApiDb:671 - CubeFinder database FW Pack versions=[FP-ATR-ASTRA1_V2.0.0, STM32Cube_FW_C0_V1.0.1, STM32Cube_FW_F0_V1.11.4, STM32Cube_FW_F3_V1.11.4, STM32Cube_FW_F4_V1.27.1, STM32Cube_FW_F7_V1.17.0, STM32Cube_FW_G0_V1.6.1, STM32Cube_FW_G4_V1.5.1, STM32Cube_FW_H5_V0.5.1, STM32Cube_FW_H5_V1.0.0, STM32Cube_FW_H7_V1.11.0, STM32Cube_FW_L0_V1.12.2, STM32Cube_FW_L5_V1.5.0, STM32Cube_FW_U5_V1.2.0, STM32Cube_FW_WBA_V1.0.0, STM32Cube_FW_WBA_V1.0.0RC1, STM32Cube_FW_WBA_V1.0.0RC3, STM32Cube_FW_WB_V1.15.0RC1, STM32Cube_FW_WB_V1.16.0, STM32Cube_FW_WB_V1.16.0RC2, STM32Cube_FW_WL_V1.3.0, X-CUBE-ALGOBUILD_V1.3.0, X-CUBE-ALS_V1.0.1, X-CUBE-AZRTOS-F4_V1.1.0, X-CUBE-AZRTOS-F7_V1.1.0, X-CUBE-AZRTOS-G0_V1.1.0, X-CUBE-AZRTOS-G4_V1.0.0, X-CUBE-AZRTOS-H7_V3.0.0, X-CUBE-AZRTOS-L4_V1.0.0, X-CUBE-AZRTOS-L5_V1.1.0, X-CUBE-AZRTOS-WB_V1.1.0, X-CUBE-AZRTOS-WL_V1.0.0, X-CUBE-BLE1_V6.2.4, X-CUBE-BLE2_V3.3.0, X-CUBE-BLEMGR_V1.3.0, X-CUBE-EEPRMA1_V4.1.0, X-CUBE-FREERTOS_V1.0.1, X-CUBE-GNSS1_V6.0.0, X-CUBE-MEMS1_V9.1.0, X-CUBE-MEMS1_V9.4.0, X-CUBE-MEMS1_V9.5.0, X-CUBE-NFC4_V3.0.0, X-CUBE-NFC7_V1.0.0, X-CUBE-SFXS2LP1_V4.0.0, X-CUBE-SUBG2_V5.0.0]
2023-05-15 14:48:21,775 [INFO] ApiDb:240 - Found 297 in-development CPN: [B-G473E-ZEST1S, B-WB1M-WPAN1, B-WL5M-SUBG1, NUCLEO-C031C6, NUCLEO-H503RB, NUCLEO-H563ZI, NUCLEO-U545RE-Q, NUCLEO-U5A5ZJ-Q, NUCLEO-WBA52CG, STEVAL-PROTEUS1, STEVAL-STWINBX1, STM320518-EVAL, STM32C0116-DK, STM32C011D6Y3TR, STM32C011D6Y6TR, STM32C011F4P3, STM32C011F4P6, STM32C011F4U3, STM32C011F4U6TR, STM32C011F6P3, STM32C011F6P6, STM32C011F6U3, STM32C011F6U6TR, STM32C011J4M3, STM32C011J4M6, STM32C011J6M3, STM32C011J6M6, STM32C0316-DK, STM32C031C4T3, STM32C031C4T6, STM32C031C4U3, STM32C031C4U6, STM32C031C6T3, STM32C031C6T6, STM32C031C6U3, STM32C031C6U6, STM32C031F4P3, STM32C031F4P6, STM32C031F6P3, STM32C031F6P6, STM32C031G4U3, STM32C031G4U6, STM32C031G6U3, STM32C031G6U6, STM32C031K4T3, STM32C031K4T6, STM32C031K4U3, STM32C031K4U6, STM32C031K6T3, STM32C031K6T6, STM32C031K6U3, STM32C031K6U6, STM32G071K8TXN, STM32G071K8UXN, STM32G081GBU6N, STM32G081KBT6N, STM32G081KBUXN, STM32G0B1CCT6N, STM32G0B1KCT6, STM32G0B1NEY6TR, STM32G0B1RCT6N, STM32G0C1CCT6, STM32G0C1CCT6N, STM32G0C1CCU6N, STM32G0C1CET6N, STM32G0C1CEU6N, STM32G0C1KCT6, STM32G0C1NEY6TR, STM32G0C1RCI6N, STM32G0C1RCT6N, STM32G0C1REI6N, STM32G0C1RET6N, STM32G0C1VCI6, STM32G0C1VEI6, STM32G471CCT6, STM32G471CCU6, STM32G471CET3, STM32G471CET6, STM32G471CEU3, STM32G471CEU6, STM32G471MCT6, STM32G471MET3, STM32G471MET6, STM32G471MEY6TR, STM32G471QCT6, STM32G471QET3, STM32G471RCT6, STM32G471RET3, STM32G471RET6, STM32G471VCH6, STM32G471VCI6, STM32G471VCT6, STM32G471VEH3, STM32G471VEH6, STM32G471VEI3, STM32G471VEI6, STM32G471VET3, STM32G471VET6, STM32G474CCT6, STM32H503CBT6, STM32H503CBU6, STM32H503EBY6TR, STM32H503KBU6, STM32H503RBT6, STM32H562AGI6, STM32H562AII6, STM32H562IGK6, STM32H562IGT6, STM32H562IIK6, STM32H562IIT6, STM32H562RGT6, STM32H562RGV6, STM32H562RIT6, STM32H562RIV6, STM32H562VGT6, STM32H562VIT6, STM32H562ZGT6, STM32H562ZIT6, STM32H563AGI6, STM32H563AII3Q, STM32H563AII6, STM32H563IGK6, STM32H563IGT6, STM32H563IIK3Q, STM32H563IIK6, STM32H563IIT3Q, STM32H563IIT6, STM32H563MIY3QTR, STM32H563RGT6, STM32H563RGV6, STM32H563RIT6, STM32H563RIV6, STM32H563VGT6, STM32H563VIT3Q, STM32H563VIT6, STM32H563ZGT6, STM32H563ZIT3Q, STM32H563ZIT6, STM32H573AII3Q, STM32H573AII6, STM32H573I-DK, STM32H573IIK3Q, STM32H573IIK6, STM32H573IIT3Q, STM32H573IIT6, STM32H573MIY3QTR, STM32H573RIT6, STM32H573RIV6, STM32H573VIT3Q, STM32H573VIT6, STM32H573ZIT3Q, STM32H573ZIT6, STM32L4R5QGI6STR, STM32MP131AAE3, STM32MP131AAF3, STM32MP131AAG3, STM32MP131CAE3, STM32MP131CAF3, STM32MP131CAG3, STM32MP131DAE7, STM32MP131DAF7, STM32MP131DAG7, STM32MP131FAE7, STM32MP131FAF7, STM32MP131FAG7, STM32MP133AAE3, STM32MP133AAF3, STM32MP133AAG3, STM32MP133CAE3, STM32MP133CAF3, STM32MP133CAG3, STM32MP133DAE7, STM32MP133DAF7, STM32MP133DAG7, STM32MP133FAE7, STM32MP133FAF7, STM32MP133FAG7, STM32MP135AAE3, STM32MP135AAF3, STM32MP135AAG3, STM32MP135CAE3, STM32MP135CAF3, STM32MP135CAG3, STM32MP135DAE7, STM32MP135DAF7, STM32MP135DAG7, STM32MP135F-DK, STM32MP135FAE7, STM32MP135FAF7, STM32MP135FAF7T, STM32MP135FAF7U, STM32MP135FAG7, STM32U535CBT6, STM32U535CBT6Q, STM32U535CBU6, STM32U535CBU6Q, STM32U535CCT6, STM32U535CCT6Q, STM32U535CCU6, STM32U535CCU6Q, STM32U535CET6, STM32U535CET6Q, STM32U535CEU6, STM32U535CEU6Q, STM32U535JEY6QTR, STM32U535NCY6QTR, STM32U535NEY6QTR, STM32U535RBI6, STM32U535RBI6Q, STM32U535RBT6, STM32U535RBT6Q, STM32U535RCI6, STM32U535RCI6Q, STM32U535RCT6, STM32U535RCT6Q, STM32U535REI6, STM32U535REI6Q, STM32U535RET6, STM32U535RET6Q, STM32U535VCI6, STM32U535VCI6Q, STM32U535VCT6, STM32U535VCT6Q, STM32U535VEI6, STM32U535VEI6Q, STM32U535VET6, STM32U535VET6Q, STM32U545CET6, STM32U545CET6Q, STM32U545CEU6, STM32U545CEU6Q, STM32U545JEY6QTR, STM32U545NEY6QTR, STM32U545REI6, STM32U545REI6Q, STM32U545RET6, STM32U545RET6Q, STM32U545VEI6, STM32U545VEI6Q, STM32U545VET6, STM32U545VET6Q, STM32U595AIH6, STM32U595AIH6Q, STM32U595AJH6, STM32U595AJH6Q, STM32U595QII6, STM32U595QII6Q, STM32U595QJI6, STM32U595QJI6Q, STM32U595RIT6, STM32U595RIT6Q, STM32U595RJT6, STM32U595RJT6Q, STM32U595VIT6, STM32U595VIT6Q, STM32U595VJT6, STM32U595VJT6Q, STM32U595ZIT6, STM32U595ZIT6Q, STM32U595ZIY6QTR, STM32U595ZJT6, STM32U595ZJT6Q, STM32U595ZJY6QTR, STM32U599BJY6QTR, STM32U599NIH6Q, STM32U599NJH6Q, STM32U599VIT6Q, STM32U599VJT6, STM32U599VJT6Q, STM32U599ZIT6Q, STM32U599ZIY6QTR, STM32U599ZJT6Q, STM32U599ZJY6QTR, STM32U5A5AJH6, STM32U5A5AJH6Q, STM32U5A5QJI6, STM32U5A5QJI6Q, STM32U5A5RJT6, STM32U5A5RJT6Q, STM32U5A5VJT6, STM32U5A5VJT6Q, STM32U5A5ZJT6, STM32U5A5ZJT6Q, STM32U5A5ZJY6QTR, STM32U5A9BJY6QTR, STM32U5A9J-DK, STM32U5A9NJH6Q, STM32U5A9VJT6Q, STM32U5A9ZJT6Q, STM32U5A9ZJY6QTR, STM32WB1MMCH6, STM32WBA52CEU6, STM32WBA52CEU6T, STM32WBA52CGU6, STM32WBA52CGU6T, STM32WL5MOCH6, STM32WL5MOCH6TR]
2023-05-15 14:48:21,791 [INFO] DbMcus:216 - Found 3775 MCUs, 3775 are supported
2023-05-15 14:48:21,805 [INFO] ApiDb:423 - Load user favorites file C:\Users\PENG Laurine/.stm32cubeide/favorites.mcus.txt: 0 item(s)
2023-05-15 14:48:21,805 [INFO] ApiDb:427 - User favorites MCUs=[]
2023-05-15 14:48:21,805 [INFO] DbMcus:222 - Set 0 / 0 favorites MCUs
2023-05-15 14:48:22,999 [WARN] ThirdParty:833 - waiting for thirdparty lock release [change project]
2023-05-15 14:48:22,999 [INFO] ThirdParty:835 - entering critical section [change project]
2023-05-15 14:48:22,999 [INFO] ThirdParty:1030 - CMSIS Pack Vendor :STMicroelectronics X-CUBE-ISPU 1.1.0
2023-05-15 14:48:22,999 [INFO] ThirdParty:1030 - CMSIS Pack Vendor :RoweBots I-CUBE-UNISONRTOS 5.5.0-4
2023-05-15 14:48:22,999 [INFO] ThirdParty:1030 - CMSIS Pack Vendor :STMicroelectronics X-CUBE-GNSS1 6.0.0
2023-05-15 14:48:22,999 [INFO] ThirdParty:1030 - CMSIS Pack Vendor :STMicroelectronics USB_HOST 2.0.0
2023-05-15 14:48:22,999 [INFO] ThirdParty:1030 - CMSIS Pack Vendor :STMicroelectronics X-CUBE-AZRTOS-F4 1.1.0
2023-05-15 14:48:22,999 [INFO] ThirdParty:1030 - CMSIS Pack Vendor :STMicroelectronics LIBJPEG 8.0.0
2023-05-15 14:48:22,999 [INFO] ThirdParty:1030 - CMSIS Pack Vendor :STMicroelectronics X-CUBE-SMBUS 2.1.0
2023-05-15 14:48:22,999 [INFO] ThirdParty:1030 - CMSIS Pack Vendor :STMicroelectronics USB_DEVICE 3.0.0
2023-05-15 14:48:22,999 [INFO] ThirdParty:1030 - CMSIS Pack Vendor :STMicroelectronics X-CUBE-AI 8.0.0
2023-05-15 14:48:23,007 [INFO] ThirdParty:1030 - CMSIS Pack Vendor :STMicroelectronics X-CUBE-FREERTOS 1.0.0
2023-05-15 14:48:23,007 [INFO] ThirdParty:1030 - CMSIS Pack Vendor :STMicroelectronics X-CUBE-FREERTOS 1.0.1
2023-05-15 14:48:23,007 [INFO] ThirdParty:1030 - CMSIS Pack Vendor :STMicroelectronics X-CUBE-TOUCHGFX 4.21.1
2023-05-15 14:48:23,007 [INFO] ThirdParty:1030 - CMSIS Pack Vendor :STMicroelectronics X-CUBE-TOUCHGFX 4.21.3
2023-05-15 14:48:23,007 [INFO] ThirdParty:1030 - CMSIS Pack Vendor :STMicroelectronics X-CUBE-AZRTOS-F7 1.1.0
2023-05-15 14:48:23,007 [INFO] ThirdParty:1030 - CMSIS Pack Vendor :STMicroelectronics X-CUBE-TOUCHGFX 4.21.4
2023-05-15 14:48:23,008 [INFO] ThirdParty:1030 - CMSIS Pack Vendor :STMicroelectronics USB_DEVICE 2.0.0
2023-05-15 14:48:23,008 [INFO] ThirdParty:1030 - CMSIS Pack Vendor :STMicroelectronics X-CUBE-MEMS1 9.6.0
2023-05-15 14:48:23,008 [INFO] ThirdParty:1030 - CMSIS Pack Vendor :STMicroelectronics FP-SNS-MOTENV1 4.3.0
2023-05-15 14:48:23,008 [INFO] ThirdParty:1030 - CMSIS Pack Vendor :STMicroelectronics FP-SNS-FLIGHT1 5.0.0
2023-05-15 14:48:23,008 [INFO] ThirdParty:1030 - CMSIS Pack Vendor :STMicroelectronics X-CUBE-ALGOBUILD 1.3.0
2023-05-15 14:48:23,008 [INFO] ThirdParty:1030 - CMSIS Pack Vendor :STMicroelectronics X-CUBE-BLE1 6.2.4
2023-05-15 14:48:23,008 [INFO] ThirdParty:1030 - CMSIS Pack Vendor :STMicroelectronics X-CUBE-AZRTOS-L5 1.1.0
2023-05-15 14:48:23,008 [INFO] ThirdParty:1030 - CMSIS Pack Vendor :STMicroelectronics FreeRTOS 0.0.1
2023-05-15 14:48:23,008 [INFO] ThirdParty:1030 - CMSIS Pack Vendor :emotas I-CUBE-CANOPEN 1.1.3
2023-05-15 14:48:23,008 [INFO] ThirdParty:1030 - CMSIS Pack Vendor :STMicroelectronics X-CUBE-AZRTOS-G0 1.1.0
2023-05-15 14:48:23,008 [INFO] ThirdParty:1030 - CMSIS Pack Vendor :STMicroelectronics X-CUBE-BLEMGR 2.0.0
2023-05-15 14:48:23,008 [INFO] ThirdParty:1030 - CMSIS Pack Vendor :STMicroelectronics X-CUBE-AI 8.0.1
2023-05-15 14:48:23,008 [INFO] ThirdParty:1030 - CMSIS Pack Vendor :STMicroelectronics X-CUBE-SUBG2 5.0.0
2023-05-15 14:48:23,008 [INFO] ThirdParty:1030 - CMSIS Pack Vendor :STMicroelectronics X-CUBE-NFC4 3.0.0
2023-05-15 14:48:23,008 [INFO] ThirdParty:1030 - CMSIS Pack Vendor :STMicroelectronics STM32_WPAN 1.0.0
2023-05-15 14:48:23,008 [INFO] ThirdParty:1030 - CMSIS Pack Vendor :STMicroelectronics lwIP 2.0.3
2023-05-15 14:48:23,008 [INFO] ThirdParty:1030 - CMSIS Pack Vendor :STMicroelectronics USB_HOST 1.0.0
2023-05-15 14:48:23,008 [INFO] ThirdParty:1030 - CMSIS Pack Vendor :STMicroelectronics X-CUBE-AZRTOS-G4 2.0.0
2023-05-15 14:48:23,008 [INFO] ThirdParty:1030 - CMSIS Pack Vendor :STMicroelectronics PDM2PCM 3.1.0
2023-05-15 14:48:23,008 [INFO] ThirdParty:1030 - CMSIS Pack Vendor :STMicroelectronics X-CUBE-AZRTOS-H7 3.1.0
2023-05-15 14:48:23,008 [INFO] ThirdParty:1030 - CMSIS Pack Vendor :STMicroelectronics X-CUBE-TOF1 3.3.0
2023-05-15 14:48:23,011 [INFO] ThirdParty:1030 - CMSIS Pack Vendor :STMicroelectronics FP-ATR-ASTRA1 1.1.1
2023-05-15 14:48:23,011 [INFO] ThirdParty:1030 - CMSIS Pack Vendor :STMicroelectronics PDM2PCM 3.3.0
2023-05-15 14:48:23,011 [INFO] ThirdParty:1030 - CMSIS Pack Vendor :STMicroelectronics X-CUBE-DISPLAY 3.0.0
2023-05-15 14:48:23,011 [INFO] ThirdParty:1030 - CMSIS Pack Vendor :STMicroelectronics X-CUBE-AZRTOS-G4 1.0.0
2023-05-15 14:48:23,011 [INFO] ThirdParty:1030 - CMSIS Pack Vendor :STMicroelectronics FP-ATR-SIGFOX1 3.2.0
2023-05-15 14:48:23,012 [INFO] ThirdParty:1030 - CMSIS Pack Vendor :wolfSSL I-CUBE-wolfSSL 5.5.4
2023-05-15 14:48:23,012 [INFO] ThirdParty:1030 - CMSIS Pack Vendor :STMicroelectronics X-CUBE-AZRTOS-L4 1.0.0
2023-05-15 14:48:23,012 [INFO] ThirdParty:1030 - CMSIS Pack Vendor :STMicroelectronics HAL Drivers 0.0.0
2023-05-15 14:48:23,012 [INFO] ThirdParty:1030 - CMSIS Pack Vendor :STMicroelectronics MBEDTLS 2.16.2
2023-05-15 14:48:23,012 [INFO] ThirdParty:1030 - CMSIS Pack Vendor :STMicroelectronics MBEDTLS 2.14.1
2023-05-15 14:48:23,012 [INFO] ThirdParty:1030 - CMSIS Pack Vendor :STMicroelectronics X-CUBE-NFC7 1.0.0
2023-05-15 14:48:23,012 [INFO] ThirdParty:1030 - CMSIS Pack Vendor :STMicroelectronics X-CUBE-AZRTOS-WL 1.0.0
2023-05-15 14:48:23,014 [INFO] ThirdParty:1030 - CMSIS Pack Vendor :STMicroelectronics X-CUBE-EEPRMA1 4.1.0
2023-05-15 14:48:23,014 [INFO] ThirdParty:1030 - CMSIS Pack Vendor :portGmbH I-Cube-SoM-uGOAL 1.1.0
2023-05-15 14:48:23,014 [INFO] ThirdParty:1030 - CMSIS Pack Vendor :STMicroelectronics X-CUBE-ALS 1.0.1
2023-05-15 14:48:23,014 [INFO] ThirdParty:1030 - CMSIS Pack Vendor :STMicroelectronics X-CUBE-MEMS1 9.5.0
2023-05-15 14:48:23,014 [INFO] ThirdParty:1030 - CMSIS Pack Vendor :STMicroelectronics ThreadX 1.0.0
2023-05-15 14:48:23,014 [INFO] ThirdParty:1030 - CMSIS Pack Vendor :STMicroelectronics X-CUBE-AZRTOS-WB 1.1.0
2023-05-15 14:48:23,014 [INFO] ThirdParty:1030 - CMSIS Pack Vendor :SEGGER I-CUBE-embOS 1.3.1
2023-05-15 14:48:23,014 [INFO] ThirdParty:1030 - CMSIS Pack Vendor :STMicroelectronics USB_DEVICE 1.0.0
2023-05-15 14:48:23,015 [INFO] ThirdParty:1030 - CMSIS Pack Vendor :STMicroelectronics ThreadX 0.0.2
2023-05-15 14:48:23,015 [INFO] ThirdParty:1030 - CMSIS Pack Vendor :WES I-CUBE-Cesium 1.3.0
2023-05-15 14:48:23,015 [INFO] ThirdParty:1030 - CMSIS Pack Vendor :STMicroelectronics FP-ATR-ASTRA1 2.0.0
2023-05-15 14:48:23,015 [INFO] ThirdParty:1030 - CMSIS Pack Vendor :STMicroelectronics lwIP 2.1.2
2023-05-15 14:48:23,015 [INFO] ThirdParty:1030 - CMSIS Pack Vendor :STMicroelectronics X-CUBE-SFXS2LP1 4.0.0
2023-05-15 14:48:23,016 [INFO] ThirdParty:1030 - CMSIS Pack Vendor :STMicroelectronics X-CUBE-BLE2 3.3.0
2023-05-15 14:48:23,016 [INFO] ThirdParty:1030 - CMSIS Pack Vendor :STMicroelectronics X-CUBE-TOF1 3.2.0
2023-05-15 14:48:23,016 [INFO] ThirdParty:1030 - CMSIS Pack Vendor :STMicroelectronics PDM2PCM 3.2.0
2023-05-15 14:48:23,016 [INFO] ThirdParty:1030 - CMSIS Pack Vendor :STMicroelectronics X-CUBE-AZRTOS-H7 3.0.0
2023-05-15 14:48:23,016 [INFO] ThirdParty:841 - exiting critical section [change project]
2023-05-15 14:48:23,985 [INFO] PinOutPanel:1499 - setPackage(No Configuration,No Configuration)
2023-05-15 14:48:23,988 [INFO] PinOutPanel:1499 - setPackage(STM32L412KBTx,LQFP32)
2023-05-15 14:48:26,755 [INFO] UtilMem:75 - Before build in PCC Used Memory: 470521928 Bytes (574619648)
2023-05-15 14:48:30,979 [INFO] UtilMem:75 - After build in PCC Used Memory: 479486632 Bytes (574619648)
2023-05-15 14:48:31,204 [INFO] IPUIPlugin:80 - create IPUIPlugin
2023-05-15 14:48:31,204 [INFO] IPUIPlugin:80 - create IPUIPlugin
2023-05-15 14:48:31,204 [INFO] IPUIPlugin:80 - create IPUIPlugin
2023-05-15 14:48:31,204 [INFO] IPUIPlugin:80 - create IPUIPlugin
2023-05-15 14:48:31,204 [INFO] IPUIPlugin:80 - create IPUIPlugin
2023-05-15 14:48:31,204 [INFO] IPUIPlugin:80 - create IPUIPlugin
2023-05-15 14:48:31,204 [INFO] IPUIPlugin:80 - create IPUIPlugin
2023-05-15 14:48:31,204 [INFO] IPUIPlugin:80 - create IPUIPlugin
2023-05-15 14:48:31,204 [INFO] IPUIPlugin:80 - create IPUIPlugin
2023-05-15 14:48:31,204 [INFO] IPUIPlugin:80 - create IPUIPlugin
2023-05-15 14:48:31,204 [INFO] IPUIPlugin:80 - create IPUIPlugin
2023-05-15 14:48:31,204 [INFO] IPUIPlugin:80 - create IPUIPlugin
2023-05-15 14:48:31,204 [INFO] IPUIPlugin:80 - create IPUIPlugin
2023-05-15 14:48:31,211 [INFO] IPUIPlugin:80 - create IPUIPlugin
2023-05-15 14:48:31,211 [INFO] IPUIPlugin:80 - create IPUIPlugin
2023-05-15 14:48:31,212 [INFO] IPUIPlugin:80 - create IPUIPlugin
2023-05-15 14:48:31,212 [INFO] IPUIPlugin:80 - create IPUIPlugin
2023-05-15 14:48:31,212 [INFO] IPUIPlugin:80 - create IPUIPlugin
2023-05-15 14:48:31,212 [INFO] IPUIPlugin:80 - create IPUIPlugin
2023-05-15 14:48:31,212 [INFO] IPUIPlugin:80 - create IPUIPlugin
2023-05-15 14:48:31,212 [INFO] IPUIPlugin:80 - create IPUIPlugin
2023-05-15 14:48:31,215 [INFO] IPUIPlugin:80 - create IPUIPlugin
2023-05-15 14:48:31,215 [INFO] IPUIPlugin:80 - create IPUIPlugin
2023-05-15 14:48:31,216 [INFO] IPUIPlugin:80 - create IPUIPlugin
2023-05-15 14:48:31,216 [INFO] IPUIPlugin:80 - create IPUIPlugin
2023-05-15 14:48:31,216 [INFO] IPUIPlugin:80 - create IPUIPlugin
2023-05-15 14:48:31,216 [INFO] IPUIPlugin:80 - create IPUIPlugin
2023-05-15 14:48:31,216 [INFO] IPUIPlugin:80 - create IPUIPlugin
2023-05-15 14:48:31,216 [INFO] IPUIPlugin:80 - create IPUIPlugin
2023-05-15 14:48:31,216 [INFO] IPUIPlugin:80 - create IPUIPlugin
2023-05-15 14:48:31,216 [INFO] IPUIPlugin:80 - create IPUIPlugin
2023-05-15 14:48:31,216 [INFO] IPUIPlugin:80 - create IPUIPlugin
2023-05-15 14:48:31,216 [INFO] IPUIPlugin:80 - create IPUIPlugin
2023-05-15 14:48:31,216 [INFO] IPUIPlugin:80 - create IPUIPlugin
2023-05-15 14:48:31,216 [INFO] IPUIPlugin:80 - create IPUIPlugin
2023-05-15 14:48:32,227 [INFO] CADModel:165 - CPN selected for project levelSTM32L412KBT3
2023-05-15 14:48:32,227 [INFO] CADModel:114 - Register for checkConnection events
2023-05-15 14:48:32,277 [INFO] OpenFileManager:328 - Restore cursor
2023-05-15 14:49:57,225 [INFO] UtilMem:75 - End SaveConfig() Used Memory: 488439424 Bytes (574619648)
2023-05-15 14:49:58,304 [INFO] UtilMem:75 - End SaveConfig() Used Memory: 467312488 Bytes (574619648)
2023-05-15 14:50:00,950 [INFO] UtilMem:75 - End SaveConfig() Used Memory: 498762552 Bytes (574619648)
2023-05-15 14:50:02,778 [INFO] BlockDiagram:2759 - set Specific Code input for plugin: NVIC
2023-05-15 14:50:02,778 [INFO] BlockDiagram:2759 - set Specific Code input for plugin: USART
2023-05-15 14:50:02,778 [INFO] BlockDiagram:2759 - set Specific Code input for plugin: TIM1_8L4
2023-05-15 14:50:02,778 [INFO] BlockDiagram:2759 - set Specific Code input for plugin: TIM1_8L4
2023-05-15 14:50:02,778 [INFO] BlockDiagram:2759 - set Specific Code input for plugin: GPIO
2023-05-15 14:50:02,778 [INFO] BlockDiagram:2759 - set Specific Code input for plugin: RCC
2023-05-15 14:50:02,778 [INFO] CodeGenerator:793 - code generatio: config db path: C:\ST\STM32CubeIDE_1.12.0\STM32CubeIDE\plugins\com.st.stm32cube.common.mx_6.8.0.202302231600\\db\
2023-05-15 14:50:03,841 [INFO] CodeEngine:255 - oldGeneratedFile, C:\Users\PENG Laurine\STM32CubeIDE\workspace_1.12.0\projet_hovercraft\tests_hovercraft\MXTmpFiles\license.tmp_save
2023-05-15 14:50:04,708 [INFO] CodeEngine:279 - Generated code: C:\Users\PENG Laurine\STM32CubeIDE\workspace_1.12.0\projet_hovercraft\tests_hovercraft\MXTmpFiles\license.tmp
2023-05-15 14:50:05,328 [INFO] CodeEngine:255 - oldGeneratedFile, C:\Users\PENG Laurine\STM32CubeIDE\workspace_1.12.0\projet_hovercraft\tests_hovercraft\MXTmpFiles\gpio.tmp_save
2023-05-15 14:50:05,570 [INFO] CodeEngine:279 - Generated code: C:\Users\PENG Laurine\STM32CubeIDE\workspace_1.12.0\projet_hovercraft\tests_hovercraft\MXTmpFiles\gpio.tmp
2023-05-15 14:50:06,547 [INFO] CodeEngine:255 - oldGeneratedFile, C:\Users\PENG Laurine\STM32CubeIDE\workspace_1.12.0\projet_hovercraft\tests_hovercraft\Core\Src\stm32l4xx_it.c_save
2023-05-15 14:50:06,934 [INFO] CodeEngine:279 - Generated code: C:\Users\PENG Laurine\STM32CubeIDE\workspace_1.12.0\projet_hovercraft\tests_hovercraft\Core\Src\stm32l4xx_it.c
2023-05-15 14:50:06,944 [INFO] CodeEngine:255 - oldGeneratedFile, C:\Users\PENG Laurine\STM32CubeIDE\workspace_1.12.0\projet_hovercraft\tests_hovercraft\Core\Inc\stm32l4xx_it.h_save
2023-05-15 14:50:07,231 [INFO] CodeEngine:279 - Generated code: C:\Users\PENG Laurine\STM32CubeIDE\workspace_1.12.0\projet_hovercraft\tests_hovercraft\Core\Inc\stm32l4xx_it.h
2023-05-15 14:50:07,382 [INFO] CodeEngine:255 - oldGeneratedFile, C:\Users\PENG Laurine\STM32CubeIDE\workspace_1.12.0\projet_hovercraft\tests_hovercraft\Core\Src\stm32l4xx_hal_msp.c_save
2023-05-15 14:50:07,879 [INFO] CodeEngine:279 - Generated code: C:\Users\PENG Laurine\STM32CubeIDE\workspace_1.12.0\projet_hovercraft\tests_hovercraft\Core\Src\stm32l4xx_hal_msp.c
2023-05-15 14:50:07,894 [INFO] CodeEngine:255 - oldGeneratedFile, C:\Users\PENG Laurine\STM32CubeIDE\workspace_1.12.0\projet_hovercraft\tests_hovercraft\MXTmpFiles\system.tmp_save
2023-05-15 14:50:08,110 [INFO] CodeEngine:279 - Generated code: C:\Users\PENG Laurine\STM32CubeIDE\workspace_1.12.0\projet_hovercraft\tests_hovercraft\MXTmpFiles\system.tmp
2023-05-15 14:50:08,156 [INFO] CodeEngine:311 - oldGeneratedFile, C:\Users\PENG Laurine\STM32CubeIDE\workspace_1.12.0\projet_hovercraft\tests_hovercraft\Core\Inc\stm32l4xx_hal_conf.h_save
2023-05-15 14:50:08,433 [INFO] CodeEngine:335 - Generated code: C:\Users\PENG Laurine\STM32CubeIDE\workspace_1.12.0\projet_hovercraft\tests_hovercraft\Core\Inc\stm32l4xx_hal_conf.h
2023-05-15 14:50:08,512 [WARN] IPConfigManager:3431 - IP not found : TIM
2023-05-15 14:50:08,512 [WARN] CodeGenerator:3754 - IP not found : null
2023-05-15 14:50:08,542 [INFO] CodeEngine:255 - oldGeneratedFile, C:\Users\PENG Laurine\STM32CubeIDE\workspace_1.12.0\projet_hovercraft\tests_hovercraft\Core\Inc\main.h_save
2023-05-15 14:50:08,801 [INFO] CodeEngine:279 - Generated code: C:\Users\PENG Laurine\STM32CubeIDE\workspace_1.12.0\projet_hovercraft\tests_hovercraft\Core\Inc\main.h
2023-05-15 14:50:08,818 [INFO] CodeEngine:255 - oldGeneratedFile, C:\Users\PENG Laurine\STM32CubeIDE\workspace_1.12.0\projet_hovercraft\tests_hovercraft\Core\Src\main.c_save
2023-05-15 14:50:09,178 [INFO] CodeEngine:279 - Generated code: C:\Users\PENG Laurine\STM32CubeIDE\workspace_1.12.0\projet_hovercraft\tests_hovercraft\Core\Src\main.c
2023-05-15 14:50:13,543 [INFO] ProjectBuilder:2996 - Time for Copy HAL[1] : 2599mS.
2023-05-15 14:50:13,588 [INFO] ProjectBuilder:4304 - Project Generator version: 3.19.2
2023-05-15 14:50:14,575 [INFO] ConfigFileManager:1483 - The Die is : DIE464
2023-05-15 14:50:14,612 [INFO] ApiDbMcu:507 - Load IP Config File for FATFS
2023-05-15 14:50:14,659 [INFO] ApiDbMcu:507 - Load IP Config File for FREERTOS
2023-05-15 14:50:14,738 [INFO] ApiDbMcu:507 - Load IP Config File for TOUCHSENSING
2023-05-15 14:50:14,774 [INFO] ApiDbMcu:507 - Load IP Config File for USB_DEVICE
2023-05-15 14:50:17,641 [INFO] LogOutputStream:77 - [STDOUT_REDIRECT] 
2023-05-15 14:50:23,979 [INFO] ProjectBuilder:4505 - Time for Generating toolchain IDE Files: 10391mS.
2023-05-15 14:50:23,979 [INFO] ProjectBuilder:2867 - Time for Copy CMSIS : 0mS.
2023-05-15 14:50:23,989 [INFO] ProjectBuilder:2867 - Time for Copy CMSIS : 0mS.
2023-05-15 15:50:55,485 [INFO] Activator:176 - 


2023-05-15 15:50:55,495 [INFO] Activator:177 - !SESSION log4j initialized
2023-05-15 15:51:04,645 [INFO] LogOutputStream:77 - [STDOUT_REDIRECT] 
2023-05-15 15:51:42,019 [ERROR] LogOutputStream:75 - [STDERR_REDIRECT] SLF4J: Failed to load class "org.slf4j.impl.StaticLoggerBinder".
2023-05-15 15:51:42,021 [ERROR] LogOutputStream:75 - [STDERR_REDIRECT] SLF4J: Defaulting to no-operation (NOP) logger implementation
2023-05-15 15:51:42,023 [ERROR] LogOutputStream:75 - [STDERR_REDIRECT] SLF4J: See http://www.slf4j.org/codes.html#StaticLoggerBinder for further details.
2023-05-15 16:00:25,803 [INFO] Activator:176 - 


2023-05-15 16:00:25,805 [INFO] Activator:177 - !SESSION log4j initialized
2023-05-15 16:00:35,475 [INFO] LogOutputStream:77 - [STDOUT_REDIRECT] 
2023-05-15 16:01:15,221 [ERROR] LogOutputStream:75 - [STDERR_REDIRECT] SLF4J: Failed to load class "org.slf4j.impl.StaticLoggerBinder".
2023-05-15 16:01:15,221 [ERROR] LogOutputStream:75 - [STDERR_REDIRECT] SLF4J: Defaulting to no-operation (NOP) logger implementation
2023-05-15 16:01:15,221 [ERROR] LogOutputStream:75 - [STDERR_REDIRECT] SLF4J: See http://www.slf4j.org/codes.html#StaticLoggerBinder for further details.
2023-05-15 16:20:16,786 [ERROR] ConfigurationRetriever:142 - IOException on connection: Read timed out
2023-05-15 16:20:18,864 [ERROR] ConfigurationRetriever:142 - IOException on connection: Read timed out
2023-05-15 16:36:07,045 [INFO] Activator:176 - 


2023-05-15 16:36:07,075 [INFO] Activator:177 - !SESSION log4j initialized
2023-05-15 16:36:23,625 [INFO] LogOutputStream:77 - [STDOUT_REDIRECT] 
2023-05-15 16:36:57,388 [ERROR] LogOutputStream:75 - [STDERR_REDIRECT] SLF4J: Failed to load class "org.slf4j.impl.StaticLoggerBinder".
2023-05-15 16:36:57,398 [ERROR] LogOutputStream:75 - [STDERR_REDIRECT] SLF4J: Defaulting to no-operation (NOP) logger implementation
2023-05-15 16:36:57,398 [ERROR] LogOutputStream:75 - [STDERR_REDIRECT] SLF4J: See http://www.slf4j.org/codes.html#StaticLoggerBinder for further details.
